<?xml version="1.0" encoding="UTF-8"?>
<!-- Generated by org.testng.reporters.JUnitXMLReporter -->
<testsuite hostname="WINDOWS-0KUD2O4" failures="1" tests="10" name="Default test" time="245.334" errors="0" timestamp="26 Sep 2021 16:49:53 GMT">
  <testcase classname="com.urbanladder.runner.runner" name="runScenario" time="87.234">
    <failure type="org.openqa.selenium.ElementNotInteractableException" message="element not interactable
  (Session info: MicrosoftEdge=93.0.961.52)
Build info: version: &amp;apos;3.141.5&amp;apos;, revision: &amp;apos;d54ebd709a&amp;apos;, time: &amp;apos;2018-11-06T11:42:16&amp;apos;
System info: host: &amp;apos;WINDOWS-0KUD2O4&amp;apos;, ip: &amp;apos;192.168.29.5&amp;apos;, os.name: &amp;apos;Windows 10&amp;apos;, os.arch: &amp;apos;amd64&amp;apos;, os.version: &amp;apos;10.0&amp;apos;, java.version: &amp;apos;16.0.1&amp;apos;
Driver info: org.openqa.selenium.edge.EdgeDriver
Capabilities {acceptInsecureCerts: false, browserName: msedge, browserVersion: 93.0.961.52, javascriptEnabled: true, ms:edgeOptions: {debuggerAddress: localhost:57286}, msedge: {msedgedriverVersion: 92.0.902.67 (eda2f229828b81..., userDataDir: C:\Users\User\AppData\Local...}, networkConnectionEnabled: false, pageLoadStrategy: normal, platform: WINDOWS, platformName: WINDOWS, proxy: Proxy(), setWindowRect: true, strictFileInteractability: false, timeouts: {implicit: 0, pageLoad: 300000, script: 30000}, unhandledPromptBehavior: dismiss and notify, webauthn:extension:credBlob: true, webauthn:extension:largeBlob: true, webauthn:virtualAuthenticators: true}
Session ID: 89de1985673c66b67fcaf66abe847f37">
      <![CDATA[org.openqa.selenium.ElementNotInteractableException: element not interactable
  (Session info: MicrosoftEdge=93.0.961.52)
Build info: version: '3.141.5', revision: 'd54ebd709a', time: '2018-11-06T11:42:16'
System info: host: 'WINDOWS-0KUD2O4', ip: '192.168.29.5', os.name: 'Windows 10', os.arch: 'amd64', os.version: '10.0', java.version: '16.0.1'
Driver info: org.openqa.selenium.edge.EdgeDriver
Capabilities {acceptInsecureCerts: false, browserName: msedge, browserVersion: 93.0.961.52, javascriptEnabled: true, ms:edgeOptions: {debuggerAddress: localhost:57286}, msedge: {msedgedriverVersion: 92.0.902.67 (eda2f229828b81..., userDataDir: C:\Users\User\AppData\Local...}, networkConnectionEnabled: false, pageLoadStrategy: normal, platform: WINDOWS, platformName: WINDOWS, proxy: Proxy(), setWindowRect: true, strictFileInteractability: false, timeouts: {implicit: 0, pageLoad: 300000, script: 30000}, unhandledPromptBehavior: dismiss and notify, webauthn:extension:credBlob: true, webauthn:extension:largeBlob: true, webauthn:virtualAuthenticators: true}
Session ID: 89de1985673c66b67fcaf66abe847f37
	at java.base/jdk.internal.reflect.NativeConstructorAccessorImpl.newInstance0(Native Method)
	at java.base/jdk.internal.reflect.NativeConstructorAccessorImpl.newInstance(NativeConstructorAccessorImpl.java:78)
	at java.base/jdk.internal.reflect.DelegatingConstructorAccessorImpl.newInstance(DelegatingConstructorAccessorImpl.java:45)
	at java.base/java.lang.reflect.Constructor.newInstanceWithCaller(Constructor.java:499)
	at java.base/java.lang.reflect.Constructor.newInstance(Constructor.java:480)
	at org.openqa.selenium.remote.http.W3CHttpResponseCodec.createException(W3CHttpResponseCodec.java:187)
	at org.openqa.selenium.remote.http.W3CHttpResponseCodec.decode(W3CHttpResponseCodec.java:122)
	at org.openqa.selenium.remote.http.W3CHttpResponseCodec.decode(W3CHttpResponseCodec.java:49)
	at org.openqa.selenium.remote.HttpCommandExecutor.execute(HttpCommandExecutor.java:158)
	at org.openqa.selenium.remote.service.DriverCommandExecutor.execute(DriverCommandExecutor.java:83)
	at org.openqa.selenium.remote.RemoteWebDriver.execute(RemoteWebDriver.java:552)
	at org.openqa.selenium.remote.RemoteWebElement.execute(RemoteWebElement.java:285)
	at org.openqa.selenium.remote.RemoteWebElement.click(RemoteWebElement.java:84)
	at com.urbanladder.stepDefinition.stepDefination1.user_hover_on_login_and_click_on_login(stepDefination1.java:73)
	at âœ½.User hover on login and click on login(file:///C:/Users/User/Desktop/Project/zCucumberUrbanLadderzip/zCucumberUrbanLadder/features/UrbanLadder.feature:5)
]]>
    </failure>
  </testcase> <!-- runScenario -->
  <testcase classname="com.urbanladder.runner.runner" name="runScenario" time="13.681"/>
  <testcase classname="com.urbanladder.runner.runner" name="runScenario" time="38.187"/>
  <testcase classname="com.urbanladder.runner.runner" name="runScenario" time="9.914"/>
  <testcase classname="com.urbanladder.runner.runner" name="runScenario" time="9.947"/>
  <testcase classname="com.urbanladder.runner.runner" name="runScenario" time="11.2"/>
  <testcase classname="com.urbanladder.runner.runner" name="runScenario" time="8.865"/>
  <testcase classname="com.urbanladder.runner.runner" name="runScenario" time="12.645"/>
  <testcase classname="com.urbanladder.runner.runner" name="runScenario" time="33.162"/>
  <testcase classname="com.urbanladder.runner.runner" name="runScenario" time="15.13"/>
</testsuite> <!-- Default test -->
